
Showing logs for build [32mcb-kubecd-environment-pr-170-13-chwz7-1[0m stage [32mfrom-build-pack[0m and container [32mstep-credential-initializer-k5bh7[0m
{"level":"warn","ts":1583174677.3021767,"logger":"fallback-logger","caller":"logging/config.go:69","msg":"Fetch GitHub commit ID from kodata failed: \"ref: refs/heads/0.8.0-**-support-backwards-incompats\" is not a valid GitHub commit ID"}
{"level":"info","ts":1583174677.3030334,"logger":"fallback-logger","caller":"creds-init/main.go:40","msg":"Credentials initialized."}

Showing logs for build [32mcb-kubecd-environment-pr-170-13-chwz7-1[0m stage [32mfrom-build-pack[0m and container [32mstep-working-dir-initializer-qd2l6[0m
{"level":"warn","ts":1583174678.3755898,"logger":"fallback-logger","caller":"logging/config.go:69","msg":"Fetch GitHub commit ID from kodata failed: open /var/run/ko/HEAD: no such file or directory"}
{"level":"info","ts":1583174678.3779094,"logger":"fallback-logger","caller":"bash/main.go:64","msg":"Successfully executed command \"sh -c mkdir -p /workspace/source\"; output "}

Showing logs for build [32mcb-kubecd-environment-pr-170-13-chwz7-1[0m stage [32mfrom-build-pack[0m and container [32mstep-place-tools[0m

Showing logs for build [32mcb-kubecd-environment-pr-170-13-chwz7-1[0m stage [32mfrom-build-pack[0m and container [32mstep-git-source-cb-kubecd-environment-pr-170-13-chwz7-nkv9g[0m
{"level":"warn","ts":1583174684.5442638,"logger":"fallback-logger","caller":"logging/config.go:69","msg":"Fetch GitHub commit ID from kodata failed: \"ref: refs/heads/0.8.0-**-support-backwards-incompats\" is not a valid GitHub commit ID"}
{"level":"info","ts":1583174685.624646,"logger":"fallback-logger","caller":"git/git.go:103","msg":"Successfully cloned https://github.com/cb-kubecd/environment-pr-170-132-gke-upgrade-staging.git @ master in path /workspace/source"}

Showing logs for build [32mcb-kubecd-environment-pr-170-13-chwz7-1[0m stage [32mfrom-build-pack[0m and container [32mstep-git-merge[0m
Using SHAs from PULL_REFS=master:cdbf97ffbb4a60b5556e92676945342e5865e019,1:2f54ad63999603a64310bffbf998860e39b76673
DEBUG: JX_LOG_LEVEL=error LC_ALL=C git fetch origin --unshallow 2f54ad63999603a64310bffbf998860e39b76673: cdbf97ffbb4a60b5556e92676945342e5865e019:
DEBUG: ran git fetch --unshallow origin 2f54ad63999603a64310bffbf998860e39b76673: cdbf97ffbb4a60b5556e92676945342e5865e019: in 
DEBUG: LC_ALL=C JX_LOG_LEVEL=error git branch
DEBUG: LC_ALL=C JX_LOG_LEVEL=error git checkout master
DEBUG: ran git checkout master in 
DEBUG: LC_ALL=C JX_LOG_LEVEL=error git reset --hard cdbf97ffbb4a60b5556e92676945342e5865e019
DEBUG: ran git reset --hard cdbf97ffbb4a60b5556e92676945342e5865e019 in 
DEBUG: LC_ALL=C JX_LOG_LEVEL=error git clean -fd .
DEBUG: ran clean --force -d . in 
DEBUG: LC_ALL=C JX_LOG_LEVEL=error git merge 2f54ad63999603a64310bffbf998860e39b76673
DEBUG: ran git merge 2f54ad63999603a64310bffbf998860e39b76673 in 
DEBUG: LC_ALL=C JX_LOG_LEVEL=error git log --format=%H%x1f%an%x1f%ae%x1f%cn%x1f%ce%x1f%s%n%b%x1e cdbf97ffbb4a60b5556e92676945342e5865e019..HEAD
Merged SHA 2f54ad63999603a64310bffbf998860e39b76673 with commit message 'chore: Promote bdd-spring-1583174378 to version 0.0.1' into base branch master

Showing logs for build [32mcb-kubecd-environment-pr-170-13-chwz7-1[0m stage [32mfrom-build-pack[0m and container [32mstep-build-helm-build[0m
WARNING: No $CHART_REPOSITORY defined so using the default value of: http://jenkins-x-chartmuseum:8080
Adding missing Helm repo: storage.googleapis.com https://storage.googleapis.com/chartmuseum.jenkins-x.io
WARNING: No secrets found on "helm/repos" due: reading the secret "helm/repos" from vault: no secret "helm/repos" not found in vault
Read credentials for https://storage.googleapis.com/chartmuseum.jenkins-x.io from vault helm/repos
Successfully added Helm repository storage.googleapis.com.
Adding missing Helm repo: jenkins-x-chartmuseum http://jenkins-x-chartmuseum:8080
WARNING: No secrets found on "helm/repos" due: reading the secret "helm/repos" from vault: no secret "helm/repos" not found in vault
Read credentials for http://jenkins-x-chartmuseum:8080 from vault helm/repos
Successfully added Helm repository jenkins-x-chartmuseum.
WARNING: No $CHART_REPOSITORY defined so using the default value of: http://jenkins-x-chartmuseum:8080
Adding missing Helm repo: chartmuseum.jenkins-x.io http://chartmuseum.jenkins-x.io
WARNING: No secrets found on "helm/repos" due: reading the secret "helm/repos" from vault: no secret "helm/repos" not found in vault
Read credentials for http://chartmuseum.jenkins-x.io from vault helm/repos
Successfully added Helm repository chartmuseum.jenkins-x.io.
